2021-01-06 01:15:00.899 - INFO - 5810 - azureml.train.automl._azureautomlclient.modify_run_configuration:199 - Package azureml-train-automl missing from dependencies file.
2021-01-06 01:15:00.900 - INFO - 5810 - azureml.train.automl._azureautomlclient.modify_run_configuration:205 - Using pinned version: azureml-train-automl==1.19.0.*
2021-01-06 01:15:00.900 - INFO - 5810 - azureml.train.automl._azureautomlclient.modify_run_configuration:199 - Package pandas missing from dependencies file.
2021-01-06 01:15:00.901 - INFO - 5810 - azureml.train.automl._azureautomlclient.modify_run_configuration:205 - Using pinned version: pandas==0.25.1
2021-01-06 01:15:00.901 - INFO - 5810 - azureml.train.automl._azureautomlclient.modify_run_configuration:199 - Package psutil missing from dependencies file.
2021-01-06 01:15:00.902 - INFO - 5810 - azureml.train.automl._azureautomlclient.modify_run_configuration:205 - Using pinned version: psutil>5.0.0,<6.0.0
2021-01-06 01:15:00.902 - INFO - 5810 - azureml.train.automl._azureautomlclient.modify_run_configuration:199 - Package scikit-learn missing from dependencies file.
2021-01-06 01:15:00.902 - INFO - 5810 - azureml.train.automl._azureautomlclient.modify_run_configuration:205 - Using pinned version: scikit-learn==0.22.1
2021-01-06 01:15:00.903 - INFO - 5810 - azureml.train.automl._azureautomlclient.modify_run_configuration:199 - Package numpy missing from dependencies file.
2021-01-06 01:15:00.903 - INFO - 5810 - azureml.train.automl._azureautomlclient.modify_run_configuration:205 - Using pinned version: numpy~=1.18.0
2021-01-06 01:15:00.917 - INFO - 5810 - azureml.train.automl._azureautomlclient.modify_run_configuration:199 - Package py-xgboost missing from dependencies file.
2021-01-06 01:15:00.917 - INFO - 5810 - azureml.train.automl._azureautomlclient.modify_run_configuration:205 - Using pinned version: py-xgboost<=0.90
2021-01-06 01:15:00.918 - INFO - 5810 - azureml.train.automl._azureautomlclient.modify_run_configuration:199 - Package inference-schema missing from dependencies file.
2021-01-06 01:15:00.918 - INFO - 5810 - azureml.train.automl._azureautomlclient.modify_run_configuration:199 - Package fbprophet missing from dependencies file.
2021-01-06 01:15:00.918 - INFO - 5810 - azureml.train.automl._azureautomlclient.modify_run_configuration:205 - Using pinned version: fbprophet==0.5
2021-01-06 01:15:00.919 - INFO - 5810 - azureml.train.automl._azureautomlclient.modify_run_configuration:199 - Package setuptools-git missing from dependencies file.
2021-01-06 01:15:00.919 - INFO - 5810 - azureml.train.automl._azureautomlclient.modify_run_configuration:209 - Using installed version: setuptools-git==1.2
2021-01-06 01:15:00.927 - INFO - 5810 - azureml.train.automl._azureautomlclient._validate_input:663 - Start data validation.
2021-01-06 01:15:02.559 - INFO - 5810 - azureml.train.automl._azureautomlclient._validate_input:676 - Validation service found the data has no errors.
2021-01-06 01:15:02.560 - INFO - 5810 - azureml.train.automl._azureautomlclient._create_parent_run_for_remote:541 - Start creating parent run.
2021-01-06 01:15:02.858 - INFO - 5810 - azureml.train.automl._azureautomlclient._create_parent_run_for_remote:561 - [ParentRunID:AutoML_9d0de6c4-f151-4e75-b102-c3ca43eae4ce] Remote run using input X and y.
2021-01-06 01:15:02.919 - INFO - 5810 - azureml.train.automl._azureautomlclient._create_parent_run_for_remote:574 - Parent Run ID: AutoML_9d0de6c4-f151-4e75-b102-c3ca43eae4ce
2021-01-06 01:15:02.920 - INFO - 5810 - azureml.train.automl._azureautomlclient._fit_remote_core:502 - Starting a snapshot run (snapshot_id : None)
